[2025-02-18 11:04:05,922] 19 src.logger - INFO - :) LOGGING START :)
[2025-02-18 11:04:06,049] 19 src.logger - INFO - :) LOGGING START :)
[2025-02-18 11:10:17,179] 19 src.logger - INFO - :) LOGGING START :)
[2025-02-18 11:10:17,312] 19 src.logger - INFO - :) LOGGING START :)
[2025-02-18 11:10:51,667] 19 src.logger - INFO - :) LOGGING START :)
[2025-02-18 11:10:51,808] 19 src.logger - INFO - :) LOGGING START :)
[2025-02-18 11:14:38,579] 19 src.logger - INFO - :) LOGGING START :)
[2025-02-18 11:14:39,008] 19 src.logger - INFO - :) LOGGING START :)
[2025-02-18 11:14:39,218] 80 src.logger - INFO - :) Data Ingestion For details Section Started :)
[2025-02-18 11:14:40,828] 86 src.logger - INFO - :) Data Ingestion Completed :)
[2025-02-18 11:15:33,970] 19 src.logger - INFO - :) LOGGING START :)
[2025-02-18 11:15:34,129] 19 src.logger - INFO - :) LOGGING START :)
[2025-02-18 11:15:49,839] 80 src.logger - INFO - :) Data Ingestion For details Section Started :)
[2025-02-18 11:15:50,528] 86 src.logger - INFO - :) Data Ingestion Completed :)
[2025-02-18 11:15:50,528] 46 src.logger - INFO - :) OVERWRITING JSON FILE :)
[2025-02-18 11:15:50,539] 50 src.logger - INFO - :) OVERWRITING COMPLETED :)
[2025-02-18 11:19:56,299] 19 src.logger - INFO - :) LOGGING START :)
[2025-02-18 11:19:56,435] 19 src.logger - INFO - :) LOGGING START :)
[2025-02-18 11:20:26,152] 19 src.logger - INFO - :) LOGGING START :)
[2025-02-18 11:20:26,288] 19 src.logger - INFO - :) LOGGING START :)
[2025-02-18 11:20:39,612] 20 src.logger - INFO - :) LOGGING START :)
[2025-02-18 11:20:39,741] 20 src.logger - INFO - :) LOGGING START :)
[2025-02-18 11:21:01,435] 20 src.logger - INFO - :) LOGGING START :)
[2025-02-18 11:21:01,586] 20 src.logger - INFO - :) LOGGING START :)
[2025-02-18 11:21:38,178] 20 src.logger - INFO - :) LOGGING START :)
[2025-02-18 11:21:38,322] 20 src.logger - INFO - :) LOGGING START :)
[2025-02-18 11:22:12,008] 20 src.logger - INFO - :) LOGGING START :)
[2025-02-18 11:22:12,243] 20 src.logger - INFO - :) LOGGING START :)
[2025-02-18 11:27:19,620] 20 src.logger - INFO - :) LOGGING START :)
[2025-02-18 11:27:19,750] 20 src.logger - INFO - :) LOGGING START :)
[2025-02-18 11:27:23,520] 80 src.logger - INFO - :) Data Ingestion For details Section Started :)
[2025-02-18 11:27:24,073] 86 src.logger - INFO - :) Data Ingestion Completed :)
[2025-02-18 11:27:24,073] 40 src.logger - INFO - :) OVERWRITING JSON FILE :)
[2025-02-18 11:29:26,249] 20 src.logger - INFO - :) LOGGING START :)
[2025-02-18 11:29:26,389] 20 src.logger - INFO - :) LOGGING START :)
[2025-02-18 11:29:26,889] 80 src.logger - INFO - :) Data Ingestion For details Section Started :)
[2025-02-18 11:29:27,509] 86 src.logger - INFO - :) Data Ingestion Completed :)
[2025-02-18 11:29:27,509] 40 src.logger - INFO - :) OVERWRITING JSON FILE :)
[2025-02-18 11:31:20,355] 20 src.logger - INFO - :) LOGGING START :)
[2025-02-18 11:31:20,508] 20 src.logger - INFO - :) LOGGING START :)
[2025-02-18 11:31:21,045] 80 src.logger - INFO - :) Data Ingestion For details Section Started :)
[2025-02-18 11:31:21,764] 86 src.logger - INFO - :) Data Ingestion Completed :)
[2025-02-18 11:31:21,764] 40 src.logger - INFO - :) OVERWRITING JSON FILE :)
[2025-02-18 11:31:21,769] 44 src.logger - INFO - :) OVERWRITING COMPLETED :)
[2025-02-18 11:32:03,290] 71 src.logger - INFO - :) Data Ingestion For Subdomains Section Started :)
[2025-02-18 11:32:03,359] 77 src.logger - INFO - :) Data Ingestion Completed :)
[2025-02-18 11:32:03,359] 40 src.logger - INFO - :) OVERWRITING JSON FILE :)
[2025-02-18 11:32:03,379] 44 src.logger - INFO - :) OVERWRITING COMPLETED :)
[2025-02-18 11:35:35,728] 20 src.logger - INFO - :) LOGGING START :)
[2025-02-18 11:35:35,930] 20 src.logger - INFO - :) LOGGING START :)
[2025-02-18 11:35:36,571] 71 src.logger - INFO - :) Data Ingestion For Subdomains Section Started :)
[2025-02-18 11:35:37,269] 77 src.logger - INFO - :) Data Ingestion Completed :)
[2025-02-18 11:35:37,269] 40 src.logger - INFO - :) OVERWRITING JSON FILE :)
[2025-02-18 11:38:25,269] 20 src.logger - INFO - :) LOGGING START :)
[2025-02-18 11:38:25,410] 20 src.logger - INFO - :) LOGGING START :)
[2025-02-18 11:39:09,592] 20 src.logger - INFO - :) LOGGING START :)
[2025-02-18 11:39:09,758] 20 src.logger - INFO - :) LOGGING START :)
[2025-02-18 11:42:15,330] 193 src.logger - INFO - :) Data Ingestion For AssetGroups Section Started :)
[2025-02-18 11:42:15,912] 199 src.logger - INFO - :) Data Ingestion Completed :)
[2025-02-18 11:43:40,729] 20 src.logger - INFO - :) LOGGING START :)
[2025-02-18 11:43:40,868] 20 src.logger - INFO - :) LOGGING START :)
[2025-02-18 11:43:54,303] 193 src.logger - INFO - :) Data Ingestion For AssetGroups Section Started :)
[2025-02-18 11:43:54,859] 199 src.logger - INFO - :) Data Ingestion Completed :)
[2025-02-18 11:44:46,872] 20 src.logger - INFO - :) LOGGING START :)
[2025-02-18 11:44:46,999] 20 src.logger - INFO - :) LOGGING START :)
[2025-02-18 12:06:58,716] 20 src.logger - INFO - :) LOGGING START :)
[2025-02-18 12:06:58,868] 20 src.logger - INFO - :) LOGGING START :)
[2025-02-18 15:57:21,070] 20 src.logger - INFO - :) LOGGING START :)
[2025-02-18 15:57:21,262] 20 src.logger - INFO - :) LOGGING START :)
[2025-02-18 15:57:52,364] 20 src.logger - INFO - :) LOGGING START :)
[2025-02-18 15:57:52,541] 20 src.logger - INFO - :) LOGGING START :)
