[2025-02-19 11:42:08,373] 20 src.logger - INFO - :) LOGGING START :)
[2025-02-19 11:42:10,516] 20 src.logger - INFO - :) LOGGING START :)
[2025-02-19 11:42:10,960] 20 src.logger - INFO - :) LOGGING START :)
[2025-02-19 12:14:41,913] 71 src.logger - INFO - :) Data Ingestion For pentestVulnerabilities Section Started :)
[2025-02-19 12:15:40,562] 71 src.logger - INFO - :) Data Ingestion For pentestVulnerabilities Section Started :)
[2025-02-19 12:15:40,595] 77 src.logger - INFO - :) Data Ingestion Completed :)
[2025-02-19 12:15:40,595] 43 src.logger - INFO - :) OVERWRITING JSON FILE :)
[2025-02-19 12:15:40,607] 48 src.logger - INFO - :) OVERWRITING COMPLETED :)
[2025-02-19 12:25:07,574] 20 src.logger - INFO - :) LOGGING START :)
[2025-02-19 12:25:07,711] 20 src.logger - INFO - :) LOGGING START :)
[2025-02-19 12:45:06,329] 71 src.logger - INFO - :) Data Ingestion For ASM Section Started :)
[2025-02-19 12:45:07,738] 77 src.logger - INFO - :) Data Ingestion Completed :)
[2025-02-19 12:45:07,738] 41 src.logger - INFO - :) OVERWRITING JSON FILE :)
[2025-02-19 12:45:07,746] 46 src.logger - INFO - :) OVERWRITING COMPLETED :)
[2025-02-19 12:45:17,983] 20 src.logger - INFO - :) LOGGING START :)
[2025-02-19 12:45:18,467] 20 src.logger - INFO - :) LOGGING START :)
[2025-02-19 12:47:06,375] 20 src.logger - INFO - :) LOGGING START :)
[2025-02-19 12:47:06,502] 20 src.logger - INFO - :) LOGGING START :)
[2025-02-19 12:47:14,645] 71 src.logger - INFO - :) Data Ingestion For ASM Section Started :)
[2025-02-19 12:47:15,067] 77 src.logger - INFO - :) Data Ingestion Completed :)
[2025-02-19 12:47:15,067] 41 src.logger - INFO - :) OVERWRITING JSON FILE :)
[2025-02-19 12:47:15,075] 49 src.logger - INFO - :) OVERWRITING COMPLETED :)
[2025-02-19 12:48:00,524] 71 src.logger - INFO - :) Data Ingestion For PTaaS Section Started :)
[2025-02-19 12:48:00,546] 77 src.logger - INFO - :) Data Ingestion Completed :)
[2025-02-19 12:48:00,546] 41 src.logger - INFO - :) OVERWRITING JSON FILE :)
[2025-02-19 12:48:00,562] 49 src.logger - INFO - :) OVERWRITING COMPLETED :)
[2025-02-19 12:48:25,754] 80 src.logger - INFO - :) Data Ingestion For details Section Started :)
[2025-02-19 12:48:25,778] 86 src.logger - INFO - :) Data Ingestion Completed :)
[2025-02-19 12:48:25,778] 41 src.logger - INFO - :) OVERWRITING JSON FILE :)
[2025-02-19 12:48:25,794] 49 src.logger - INFO - :) OVERWRITING COMPLETED :)
[2025-02-19 12:57:06,794] 20 src.logger - INFO - :) LOGGING START :)
[2025-02-19 12:57:06,953] 20 src.logger - INFO - :) LOGGING START :)
[2025-02-19 13:48:55,586] 20 src.logger - INFO - :) LOGGING START :)
[2025-02-19 13:48:56,214] 20 src.logger - INFO - :) LOGGING START :)
[2025-02-19 13:50:00,123] 155 src.logger - INFO - :) Data Ingestion For Subdomain Section Started :)
[2025-02-19 13:50:01,816] 161 src.logger - INFO - :) Data Ingestion Completed :)
[2025-02-19 14:08:41,331] 20 src.logger - INFO - :) LOGGING START :)
[2025-02-19 14:08:41,538] 20 src.logger - INFO - :) LOGGING START :)
[2025-02-19 14:08:55,579] 20 src.logger - INFO - :) LOGGING START :)
[2025-02-19 14:08:59,399] 20 src.logger - INFO - :) LOGGING START :)
[2025-02-19 14:08:59,562] 20 src.logger - INFO - :) LOGGING START :)
[2025-02-19 14:11:41,665] 185 src.logger - INFO - :) Data Ingestion For IpAddress Section Started :)
[2025-02-19 14:12:04,202] 185 src.logger - INFO - :) Data Ingestion For IpAddress Section Started :)
[2025-02-19 14:12:34,700] 185 src.logger - INFO - :) Data Ingestion For IpAddress Section Started :)
[2025-02-19 14:12:34,729] 191 src.logger - INFO - :) Data Ingestion Completed :)
[2025-02-19 14:17:04,027] 185 src.logger - INFO - :) Data Ingestion For IpAddress Section Started :)
[2025-02-19 14:17:04,045] 191 src.logger - INFO - :) Data Ingestion Completed :)
[2025-02-19 14:18:55,730] 20 src.logger - INFO - :) LOGGING START :)
[2025-02-19 14:19:00,729] 20 src.logger - INFO - :) LOGGING START :)
[2025-02-19 14:19:00,946] 20 src.logger - INFO - :) LOGGING START :)
[2025-02-19 14:19:03,910] 188 src.logger - INFO - :) Data Ingestion For IpAddress Section Started :)
[2025-02-19 14:19:04,439] 194 src.logger - INFO - :) Data Ingestion Completed :)
[2025-02-19 14:19:43,093] 188 src.logger - INFO - :) Data Ingestion For IpAddress Section Started :)
[2025-02-19 14:19:43,110] 194 src.logger - INFO - :) Data Ingestion Completed :)
[2025-02-19 14:19:49,018] 20 src.logger - INFO - :) LOGGING START :)
[2025-02-19 14:19:49,268] 20 src.logger - INFO - :) LOGGING START :)
[2025-02-19 14:19:58,975] 190 src.logger - INFO - :) Data Ingestion For IpAddress Section Started :)
[2025-02-19 14:19:59,453] 196 src.logger - INFO - :) Data Ingestion Completed :)
[2025-02-19 14:20:45,750] 20 src.logger - INFO - :) LOGGING START :)
[2025-02-19 14:20:45,948] 20 src.logger - INFO - :) LOGGING START :)
[2025-02-19 14:20:46,084] 190 src.logger - INFO - :) Data Ingestion For IpAddress Section Started :)
[2025-02-19 14:20:46,766] 196 src.logger - INFO - :) Data Ingestion Completed :)
[2025-02-19 14:21:22,853] 190 src.logger - INFO - :) Data Ingestion For IpAddress Section Started :)
[2025-02-19 14:21:22,912] 196 src.logger - INFO - :) Data Ingestion Completed :)
[2025-02-19 14:21:27,874] 20 src.logger - INFO - :) LOGGING START :)
[2025-02-19 14:21:28,004] 20 src.logger - INFO - :) LOGGING START :)
[2025-02-19 14:21:32,063] 190 src.logger - INFO - :) Data Ingestion For IpAddress Section Started :)
[2025-02-19 14:21:32,465] 196 src.logger - INFO - :) Data Ingestion Completed :)
[2025-02-19 14:23:07,283] 20 src.logger - INFO - :) LOGGING START :)
[2025-02-19 14:23:07,412] 20 src.logger - INFO - :) LOGGING START :)
[2025-02-19 14:23:10,395] 190 src.logger - INFO - :) Data Ingestion For IpAddress Section Started :)
[2025-02-19 14:23:10,862] 196 src.logger - INFO - :) Data Ingestion Completed :)
[2025-02-19 14:25:46,177] 20 src.logger - INFO - :) LOGGING START :)
[2025-02-19 14:25:46,512] 20 src.logger - INFO - :) LOGGING START :)
[2025-02-19 14:25:49,895] 191 src.logger - INFO - :) Data Ingestion For IpAddress Section Started :)
[2025-02-19 14:25:50,615] 197 src.logger - INFO - :) Data Ingestion Completed :)
[2025-02-19 14:27:08,374] 20 src.logger - INFO - :) LOGGING START :)
[2025-02-19 14:27:08,485] 20 src.logger - INFO - :) LOGGING START :)
[2025-02-19 14:27:10,812] 191 src.logger - INFO - :) Data Ingestion For IpAddress Section Started :)
[2025-02-19 14:27:11,297] 197 src.logger - INFO - :) Data Ingestion Completed :)
[2025-02-19 14:29:36,701] 20 src.logger - INFO - :) LOGGING START :)
[2025-02-19 14:29:36,846] 20 src.logger - INFO - :) LOGGING START :)
[2025-02-19 14:29:41,707] 193 src.logger - INFO - :) Data Ingestion For IpAddress Section Started :)
[2025-02-19 14:29:42,165] 199 src.logger - INFO - :) Data Ingestion Completed :)
[2025-02-19 14:30:31,387] 20 src.logger - INFO - :) LOGGING START :)
[2025-02-19 14:30:31,518] 20 src.logger - INFO - :) LOGGING START :)
[2025-02-19 14:30:42,049] 193 src.logger - INFO - :) Data Ingestion For IpAddress Section Started :)
[2025-02-19 14:35:42,264] 193 src.logger - INFO - :) Data Ingestion For IpAddress Section Started :)
[2025-02-19 15:09:48,317] 199 src.logger - INFO - :) Data Ingestion Completed :)
[2025-02-19 15:09:48,317] 199 src.logger - INFO - :) Data Ingestion Completed :)
[2025-02-19 15:10:06,030] 20 src.logger - INFO - :) LOGGING START :)
[2025-02-19 15:10:08,731] 20 src.logger - INFO - :) LOGGING START :)
[2025-02-19 15:10:09,200] 20 src.logger - INFO - :) LOGGING START :)
[2025-02-19 15:11:02,665] 193 src.logger - INFO - :) Data Ingestion For IpAddress Section Started :)
[2025-02-19 15:11:04,401] 199 src.logger - INFO - :) Data Ingestion Completed :)
[2025-02-19 15:12:24,423] 20 src.logger - INFO - :) LOGGING START :)
[2025-02-19 15:12:24,603] 20 src.logger - INFO - :) LOGGING START :)
[2025-02-19 15:12:31,947] 195 src.logger - INFO - :) Data Ingestion For IpAddress Section Started :)
[2025-02-19 15:12:32,455] 201 src.logger - INFO - :) Data Ingestion Completed :)
[2025-02-19 15:13:58,667] 20 src.logger - INFO - :) LOGGING START :)
[2025-02-19 15:13:58,827] 20 src.logger - INFO - :) LOGGING START :)
[2025-02-19 15:14:20,597] 20 src.logger - INFO - :) LOGGING START :)
[2025-02-19 15:14:20,747] 20 src.logger - INFO - :) LOGGING START :)
[2025-02-19 15:14:24,840] 186 src.logger - INFO - :) Data Ingestion For IpAddress Section Started :)
[2025-02-19 15:14:25,250] 192 src.logger - INFO - :) Data Ingestion Completed :)
[2025-02-19 15:46:14,618] 20 src.logger - INFO - :) LOGGING START :)
[2025-02-19 15:46:14,732] 20 src.logger - INFO - :) LOGGING START :)
[2025-02-19 15:49:48,710] 20 src.logger - INFO - :) LOGGING START :)
[2025-02-19 15:49:48,813] 20 src.logger - INFO - :) LOGGING START :)
[2025-02-19 15:50:00,938] 20 src.logger - INFO - :) LOGGING START :)
[2025-02-19 15:50:03,148] 20 src.logger - INFO - :) LOGGING START :)
[2025-02-19 15:50:05,686] 20 src.logger - INFO - :) LOGGING START :)
[2025-02-19 15:50:05,802] 20 src.logger - INFO - :) LOGGING START :)
[2025-02-19 15:51:09,947] 20 src.logger - INFO - :) LOGGING START :)
[2025-02-19 15:51:12,133] 20 src.logger - INFO - :) LOGGING START :)
[2025-02-19 15:51:12,239] 20 src.logger - INFO - :) LOGGING START :)
[2025-02-19 15:52:12,660] 196 src.logger - INFO - :) Data Ingestion For Subdomain Section Started :)
[2025-02-19 15:53:06,201] 20 src.logger - INFO - :) LOGGING START :)
[2025-02-19 15:53:06,318] 20 src.logger - INFO - :) LOGGING START :)
[2025-02-19 15:53:08,869] 196 src.logger - INFO - :) Data Ingestion For Subdomain Section Started :)
[2025-02-19 15:53:09,319] 202 src.logger - INFO - :) Data Ingestion Completed :)
[2025-02-19 15:54:44,689] 20 src.logger - INFO - :) LOGGING START :)
[2025-02-19 15:54:44,810] 20 src.logger - INFO - :) LOGGING START :)
[2025-02-19 15:54:47,971] 196 src.logger - INFO - :) Data Ingestion For Subdomain Section Started :)
[2025-02-19 15:54:48,430] 202 src.logger - INFO - :) Data Ingestion Completed :)
[2025-02-19 15:55:21,681] 196 src.logger - INFO - :) Data Ingestion For Subdomain Section Started :)
[2025-02-19 15:55:21,701] 202 src.logger - INFO - :) Data Ingestion Completed :)
[2025-02-19 15:55:25,708] 20 src.logger - INFO - :) LOGGING START :)
[2025-02-19 15:55:25,817] 20 src.logger - INFO - :) LOGGING START :)
[2025-02-19 15:55:29,405] 196 src.logger - INFO - :) Data Ingestion For Subdomain Section Started :)
[2025-02-19 15:55:29,851] 202 src.logger - INFO - :) Data Ingestion Completed :)
[2025-02-19 15:58:38,912] 205 src.logger - INFO - :) Data Ingestion For IpAddress Section Started :)
[2025-02-19 15:58:38,948] 211 src.logger - INFO - :) Data Ingestion Completed :)
[2025-02-19 16:14:51,299] 20 src.logger - INFO - :) LOGGING START :)
[2025-02-19 16:14:51,445] 20 src.logger - INFO - :) LOGGING START :)
[2025-02-19 16:15:20,029] 223 src.logger - INFO - :) Data Ingestion For URL Section Started :)
[2025-02-19 16:17:46,349] 20 src.logger - INFO - :) LOGGING START :)
[2025-02-19 16:17:46,473] 20 src.logger - INFO - :) LOGGING START :)
[2025-02-19 16:17:50,483] 223 src.logger - INFO - :) Data Ingestion For URL Section Started :)
[2025-02-19 16:18:37,143] 20 src.logger - INFO - :) LOGGING START :)
[2025-02-19 16:18:37,300] 20 src.logger - INFO - :) LOGGING START :)
[2025-02-19 16:18:37,385] 223 src.logger - INFO - :) Data Ingestion For URL Section Started :)
[2025-02-19 16:19:09,270] 20 src.logger - INFO - :) LOGGING START :)
[2025-02-19 16:19:09,430] 20 src.logger - INFO - :) LOGGING START :)
[2025-02-19 16:19:13,018] 223 src.logger - INFO - :) Data Ingestion For URL Section Started :)
[2025-02-19 16:20:17,563] 223 src.logger - INFO - :) Data Ingestion For URL Section Started :)
[2025-02-19 16:20:20,351] 20 src.logger - INFO - :) LOGGING START :)
[2025-02-19 16:20:20,467] 20 src.logger - INFO - :) LOGGING START :)
[2025-02-19 16:21:12,556] 20 src.logger - INFO - :) LOGGING START :)
[2025-02-19 16:21:12,717] 20 src.logger - INFO - :) LOGGING START :)
[2025-02-19 16:21:16,275] 223 src.logger - INFO - :) Data Ingestion For URL Section Started :)
[2025-02-19 16:22:19,696] 20 src.logger - INFO - :) LOGGING START :)
[2025-02-19 16:22:19,851] 20 src.logger - INFO - :) LOGGING START :)
[2025-02-19 16:22:20,167] 223 src.logger - INFO - :) Data Ingestion For URL Section Started :)
[2025-02-19 16:22:20,369] 223 src.logger - INFO - :) Data Ingestion For URL Section Started :)
[2025-02-19 16:24:23,921] 223 src.logger - INFO - :) Data Ingestion For URL Section Started :)
[2025-02-19 16:24:55,552] 20 src.logger - INFO - :) LOGGING START :)
[2025-02-19 16:24:58,024] 20 src.logger - INFO - :) LOGGING START :)
[2025-02-19 16:24:58,134] 20 src.logger - INFO - :) LOGGING START :)
[2025-02-19 16:24:59,295] 223 src.logger - INFO - :) Data Ingestion For URL Section Started :)
[2025-02-19 16:24:59,305] 229 src.logger - INFO - :) Data Ingestion Completed :)
[2025-02-19 16:36:26,183] 20 src.logger - INFO - :) LOGGING START :)
[2025-02-19 16:36:26,319] 20 src.logger - INFO - :) LOGGING START :)
[2025-02-19 16:37:05,001] 225 src.logger - INFO - :) Data Ingestion For Domain Section Started :)
[2025-02-19 16:38:12,057] 20 src.logger - INFO - :) LOGGING START :)
[2025-02-19 16:38:12,175] 20 src.logger - INFO - :) LOGGING START :)
[2025-02-19 16:38:12,276] 225 src.logger - INFO - :) Data Ingestion For Domain Section Started :)
[2025-02-19 16:38:12,288] 231 src.logger - INFO - :) Data Ingestion Completed :)
[2025-02-19 16:38:43,679] 20 src.logger - INFO - :) LOGGING START :)
[2025-02-19 16:38:43,821] 20 src.logger - INFO - :) LOGGING START :)
[2025-02-19 16:38:44,538] 225 src.logger - INFO - :) Data Ingestion For Domain Section Started :)
[2025-02-19 16:38:44,538] 231 src.logger - INFO - :) Data Ingestion Completed :)
[2025-02-19 17:05:18,560] 71 src.logger - INFO - :) Data Ingestion For asset Section Started :)
[2025-02-19 17:05:19,499] 77 src.logger - INFO - :) Data Ingestion Completed :)
[2025-02-19 17:05:19,499] 40 src.logger - INFO - :) OVERWRITING JSON FILE :)
[2025-02-19 17:05:50,704] 20 src.logger - INFO - :) LOGGING START :)
[2025-02-19 17:05:53,079] 20 src.logger - INFO - :) LOGGING START :)
[2025-02-19 17:05:53,197] 20 src.logger - INFO - :) LOGGING START :)
[2025-02-19 17:06:27,521] 71 src.logger - INFO - :) Data Ingestion For ASM Section Started :)
[2025-02-19 17:06:28,634] 77 src.logger - INFO - :) Data Ingestion Completed :)
[2025-02-19 17:06:28,634] 40 src.logger - INFO - :) OVERWRITING JSON FILE :)
[2025-02-19 17:06:28,653] 46 src.logger - INFO - :) OVERWRITING COMPLETED :)
[2025-02-19 17:40:13,334] 20 src.logger - INFO - :) LOGGING START :)
[2025-02-19 17:40:15,967] 20 src.logger - INFO - :) LOGGING START :)
[2025-02-19 17:40:16,077] 20 src.logger - INFO - :) LOGGING START :)
[2025-02-19 17:44:05,927] 20 src.logger - INFO - :) LOGGING START :)
[2025-02-19 17:44:08,077] 20 src.logger - INFO - :) LOGGING START :)
[2025-02-19 17:44:08,188] 20 src.logger - INFO - :) LOGGING START :)
[2025-02-19 18:13:39,784] 20 src.logger - INFO - :) LOGGING START :)
[2025-02-19 18:13:41,934] 20 src.logger - INFO - :) LOGGING START :)
[2025-02-19 18:13:42,017] 20 src.logger - INFO - :) LOGGING START :)
[2025-02-19 18:39:32,606] 20 src.logger - INFO - :) LOGGING START :)
[2025-02-19 18:39:34,447] 20 src.logger - INFO - :) LOGGING START :)
[2025-02-19 18:39:34,585] 20 src.logger - INFO - :) LOGGING START :)
[2025-02-19 18:40:29,057] 20 src.logger - INFO - :) LOGGING START :)
[2025-02-19 18:40:30,822] 20 src.logger - INFO - :) LOGGING START :)
[2025-02-19 18:40:30,906] 20 src.logger - INFO - :) LOGGING START :)
