[2025-02-20 16:01:30,056] 19 src.logger - INFO - :) LOGGING START :)
[2025-02-20 16:01:33,381] 19 src.logger - INFO - :) LOGGING START :)
[2025-02-20 16:01:33,540] 19 src.logger - INFO - :) LOGGING START :)
[2025-02-20 16:01:43,211] 300 src.logger - INFO - :) Data Ingestion For ASN Section Started :)
[2025-02-20 16:01:43,718] 306 src.logger - INFO - :) Data Ingestion Completed :)
[2025-02-20 16:02:31,903] 19 src.logger - INFO - :) LOGGING START :)
[2025-02-20 16:02:32,021] 19 src.logger - INFO - :) LOGGING START :)
[2025-02-20 16:02:35,858] 300 src.logger - INFO - :) Data Ingestion For ASN Section Started :)
[2025-02-20 16:02:36,402] 307 src.logger - INFO - :) Data Ingestion Completed :)
[2025-02-20 16:03:22,528] 19 src.logger - INFO - :) LOGGING START :)
[2025-02-20 16:03:22,718] 19 src.logger - INFO - :) LOGGING START :)
[2025-02-20 16:03:22,829] 300 src.logger - INFO - :) Data Ingestion For ASN Section Started :)
[2025-02-20 16:03:23,416] 308 src.logger - INFO - :) Data Ingestion Completed :)
[2025-02-20 16:04:43,282] 19 src.logger - INFO - :) LOGGING START :)
[2025-02-20 16:04:43,402] 19 src.logger - INFO - :) LOGGING START :)
[2025-02-20 16:04:43,499] 300 src.logger - INFO - :) Data Ingestion For ASN Section Started :)
[2025-02-20 16:04:44,045] 307 src.logger - INFO - :) Data Ingestion Completed :)
[2025-02-20 16:05:04,046] 19 src.logger - INFO - :) LOGGING START :)
[2025-02-20 16:05:04,186] 19 src.logger - INFO - :) LOGGING START :)
[2025-02-20 16:05:04,298] 300 src.logger - INFO - :) Data Ingestion For ASN Section Started :)
[2025-02-20 16:05:04,818] 307 src.logger - INFO - :) Data Ingestion Completed :)
[2025-02-20 16:05:47,764] 19 src.logger - INFO - :) LOGGING START :)
[2025-02-20 16:05:47,948] 19 src.logger - INFO - :) LOGGING START :)
[2025-02-20 16:05:51,090] 300 src.logger - INFO - :) Data Ingestion For ASN Section Started :)
[2025-02-20 16:05:51,579] 306 src.logger - INFO - :) Data Ingestion Completed :)
[2025-02-20 16:06:55,707] 19 src.logger - INFO - :) LOGGING START :)
[2025-02-20 16:06:58,031] 19 src.logger - INFO - :) LOGGING START :)
[2025-02-20 16:06:58,179] 19 src.logger - INFO - :) LOGGING START :)
[2025-02-20 16:07:06,317] 300 src.logger - INFO - :) Data Ingestion For ASN Section Started :)
[2025-02-20 16:07:06,834] 306 src.logger - INFO - :) Data Ingestion Completed :)
[2025-02-20 16:09:34,316] 19 src.logger - INFO - :) LOGGING START :)
[2025-02-20 16:09:36,580] 19 src.logger - INFO - :) LOGGING START :)
[2025-02-20 16:09:36,696] 19 src.logger - INFO - :) LOGGING START :)
[2025-02-20 16:09:42,323] 300 src.logger - INFO - :) Data Ingestion For ASN Section Started :)
[2025-02-20 16:09:42,781] 306 src.logger - INFO - :) Data Ingestion Completed :)
[2025-02-20 16:12:05,531] 262 src.logger - INFO - :) Data Ingestion For Subdomain Section Started :)
[2025-02-20 16:12:05,600] 268 src.logger - INFO - :) Data Ingestion Completed :)
[2025-02-20 16:13:16,878] 262 src.logger - INFO - :) Data Ingestion For Subdomain Section Started :)
[2025-02-20 16:13:46,052] 253 src.logger - INFO - :) Data Ingestion For Domain Section Started :)
[2025-02-20 16:13:46,131] 259 src.logger - INFO - :) Data Ingestion Completed :)
[2025-02-20 16:14:40,343] 253 src.logger - INFO - :) Data Ingestion For Domain Section Started :)
[2025-02-20 16:14:40,365] 259 src.logger - INFO - :) Data Ingestion Completed :)
[2025-02-20 16:19:37,076] 19 src.logger - INFO - :) LOGGING START :)
[2025-02-20 16:19:37,185] 19 src.logger - INFO - :) LOGGING START :)
[2025-02-20 16:20:10,431] 19 src.logger - INFO - :) LOGGING START :)
[2025-02-20 16:20:10,554] 19 src.logger - INFO - :) LOGGING START :)
[2025-02-20 16:20:39,481] 249 src.logger - INFO - :) Data Ingestion For Domain Section Started :)
[2025-02-20 16:20:39,999] 255 src.logger - INFO - :) Data Ingestion Completed :)
[2025-02-20 16:22:09,551] 19 src.logger - INFO - :) LOGGING START :)
[2025-02-20 16:22:09,686] 19 src.logger - INFO - :) LOGGING START :)
[2025-02-20 16:22:53,267] 19 src.logger - INFO - :) LOGGING START :)
[2025-02-20 16:22:53,381] 19 src.logger - INFO - :) LOGGING START :)
[2025-02-20 16:22:58,461] 19 src.logger - INFO - :) LOGGING START :)
[2025-02-20 16:22:58,563] 19 src.logger - INFO - :) LOGGING START :)
[2025-02-20 16:23:09,060] 250 src.logger - INFO - :) Data Ingestion For Domain Section Started :)
[2025-02-20 16:23:10,050] 256 src.logger - INFO - :) Data Ingestion Completed :)
[2025-02-20 16:54:11,508] 19 src.logger - INFO - :) LOGGING START :)
[2025-02-20 16:54:11,615] 19 src.logger - INFO - :) LOGGING START :)
[2025-02-20 16:56:36,924] 19 src.logger - INFO - :) LOGGING START :)
[2025-02-20 16:56:37,079] 19 src.logger - INFO - :) LOGGING START :)
[2025-02-20 16:57:26,731] 148 src.logger - INFO - :) Data Ingestion For Subdomains Section Started :)
[2025-02-20 16:57:28,151] 155 src.logger - INFO - :) Data Ingestion Completed :)
[2025-02-20 16:57:28,152] 49 src.logger - INFO - :) OVERWRITING JSON FILE :)
[2025-02-20 16:57:55,961] 259 src.logger - INFO - :) Data Ingestion For Subdomain Section Started :)
[2025-02-20 16:57:56,035] 265 src.logger - INFO - :) Data Ingestion Completed :)
[2025-02-20 18:36:02,811] 19 src.logger - INFO - :) LOGGING START :)
[2025-02-20 18:36:02,945] 19 src.logger - INFO - :) LOGGING START :)
