[2025-02-21 10:17:50,325] 19 src.logger - INFO - :) LOGGING START :)
[2025-02-21 10:17:50,721] 19 src.logger - INFO - :) LOGGING START :)
[2025-02-21 10:19:32,636] 19 src.logger - INFO - :) LOGGING START :)
[2025-02-21 10:19:32,770] 19 src.logger - INFO - :) LOGGING START :)
[2025-02-21 10:19:38,694] 19 src.logger - INFO - :) LOGGING START :)
[2025-02-21 10:19:38,845] 19 src.logger - INFO - :) LOGGING START :)
[2025-02-21 10:20:52,138] 19 src.logger - INFO - :) LOGGING START :)
[2025-02-21 10:20:52,310] 19 src.logger - INFO - :) LOGGING START :)
[2025-02-21 10:21:23,535] 247 src.logger - INFO - :) Data Ingestion For PTaaS Section Started :)
[2025-02-21 10:23:58,109] 19 src.logger - INFO - :) LOGGING START :)
[2025-02-21 10:23:58,227] 19 src.logger - INFO - :) LOGGING START :)
[2025-02-21 10:24:02,745] 242 src.logger - INFO - :) Data Ingestion For PTaaS Section Started :)
[2025-02-21 10:24:38,789] 19 src.logger - INFO - :) LOGGING START :)
[2025-02-21 10:24:38,908] 19 src.logger - INFO - :) LOGGING START :)
[2025-02-21 10:24:50,003] 242 src.logger - INFO - :) Data Ingestion For PTaaS Section Started :)
[2025-02-21 10:26:05,762] 19 src.logger - INFO - :) LOGGING START :)
[2025-02-21 10:26:05,969] 19 src.logger - INFO - :) LOGGING START :)
[2025-02-21 10:26:06,161] 242 src.logger - INFO - :) Data Ingestion For PTaaS Section Started :)
[2025-02-21 10:27:35,700] 242 src.logger - INFO - :) Data Ingestion For PTaaS Section Started :)
[2025-02-21 10:27:40,085] 19 src.logger - INFO - :) LOGGING START :)
[2025-02-21 10:27:40,219] 19 src.logger - INFO - :) LOGGING START :)
[2025-02-21 10:27:44,152] 243 src.logger - INFO - :) Data Ingestion For PTaaS Section Started :)
[2025-02-21 10:28:46,768] 19 src.logger - INFO - :) LOGGING START :)
[2025-02-21 10:28:46,859] 19 src.logger - INFO - :) LOGGING START :)
[2025-02-21 10:29:49,910] 19 src.logger - INFO - :) LOGGING START :)
[2025-02-21 10:29:50,041] 19 src.logger - INFO - :) LOGGING START :)
[2025-02-21 10:29:50,140] 243 src.logger - INFO - :) Data Ingestion For PTaaS Section Started :)
[2025-02-21 10:32:54,816] 19 src.logger - INFO - :) LOGGING START :)
[2025-02-21 10:32:54,973] 19 src.logger - INFO - :) LOGGING START :)
[2025-02-21 10:33:13,374] 19 src.logger - INFO - :) LOGGING START :)
[2025-02-21 10:33:13,505] 19 src.logger - INFO - :) LOGGING START :)
[2025-02-21 10:34:21,552] 19 src.logger - INFO - :) LOGGING START :)
[2025-02-21 10:34:21,678] 19 src.logger - INFO - :) LOGGING START :)
[2025-02-21 10:34:22,198] 252 src.logger - INFO - :) Data Ingestion For PTaaS Section Started :)
[2025-02-21 10:35:59,069] 19 src.logger - INFO - :) LOGGING START :)
[2025-02-21 10:35:59,202] 19 src.logger - INFO - :) LOGGING START :)
[2025-02-21 10:36:12,980] 252 src.logger - INFO - :) Data Ingestion For PTaaS Section Started :)
[2025-02-21 10:40:59,564] 19 src.logger - INFO - :) LOGGING START :)
[2025-02-21 10:41:02,172] 19 src.logger - INFO - :) LOGGING START :)
[2025-02-21 10:41:02,301] 19 src.logger - INFO - :) LOGGING START :)
[2025-02-21 10:41:52,358] 19 src.logger - INFO - :) LOGGING START :)
[2025-02-21 10:41:52,470] 19 src.logger - INFO - :) LOGGING START :)
[2025-02-21 10:42:45,197] 19 src.logger - INFO - :) LOGGING START :)
[2025-02-21 10:42:45,307] 19 src.logger - INFO - :) LOGGING START :)
[2025-02-21 10:42:45,413] 264 src.logger - INFO - :) Data Ingestion For PTaaS Section Started :)
[2025-02-21 10:46:31,213] 19 src.logger - INFO - :) LOGGING START :)
[2025-02-21 10:46:31,351] 19 src.logger - INFO - :) LOGGING START :)
[2025-02-21 10:46:31,457] 264 src.logger - INFO - :) Data Ingestion For PTaaS Section Started :)
[2025-02-21 10:46:31,967] 272 src.logger - INFO - :) Data Ingestion Completed :)
[2025-02-21 10:46:31,969] 93 src.logger - INFO - :) OVERWRITING JSON FILE :)
[2025-02-21 10:46:31,976] 97 src.logger - INFO - :) OVERWRITING COMPLETED :)
[2025-02-21 10:46:53,667] 264 src.logger - INFO - :) Data Ingestion For PTaaS Section Started :)
[2025-02-21 10:46:53,692] 272 src.logger - INFO - :) Data Ingestion Completed :)
[2025-02-21 10:46:53,692] 93 src.logger - INFO - :) OVERWRITING JSON FILE :)
[2025-02-21 10:46:53,699] 97 src.logger - INFO - :) OVERWRITING COMPLETED :)
[2025-02-21 10:48:55,961] 19 src.logger - INFO - :) LOGGING START :)
[2025-02-21 10:48:58,225] 19 src.logger - INFO - :) LOGGING START :)
[2025-02-21 10:48:58,363] 19 src.logger - INFO - :) LOGGING START :)
[2025-02-21 10:49:04,000] 19 src.logger - INFO - :) LOGGING START :)
[2025-02-21 10:49:04,135] 19 src.logger - INFO - :) LOGGING START :)
[2025-02-21 10:49:11,693] 19 src.logger - INFO - :) LOGGING START :)
[2025-02-21 10:49:11,840] 19 src.logger - INFO - :) LOGGING START :)
[2025-02-21 10:49:11,947] 264 src.logger - INFO - :) Data Ingestion For PTaaS Section Started :)
[2025-02-21 10:49:12,414] 273 src.logger - INFO - :) Data Ingestion Completed :)
[2025-02-21 10:49:12,414] 93 src.logger - INFO - :) OVERWRITING JSON FILE :)
[2025-02-21 10:49:12,414] 97 src.logger - INFO - :) OVERWRITING COMPLETED :)
[2025-02-21 10:50:13,671] 19 src.logger - INFO - :) LOGGING START :)
[2025-02-21 10:50:13,791] 19 src.logger - INFO - :) LOGGING START :)
[2025-02-21 10:50:17,986] 264 src.logger - INFO - :) Data Ingestion For PTaaS Section Started :)
[2025-02-21 10:50:18,464] 275 src.logger - INFO - :) Data Ingestion Completed :)
[2025-02-21 10:50:18,464] 93 src.logger - INFO - :) OVERWRITING JSON FILE :)
[2025-02-21 10:50:18,464] 97 src.logger - INFO - :) OVERWRITING COMPLETED :)
[2025-02-21 10:51:34,325] 19 src.logger - INFO - :) LOGGING START :)
[2025-02-21 10:51:34,467] 19 src.logger - INFO - :) LOGGING START :)
[2025-02-21 10:51:34,611] 265 src.logger - INFO - :) Data Ingestion For PTaaS Section Started :)
[2025-02-21 10:51:35,190] 275 src.logger - INFO - :) Data Ingestion Completed :)
[2025-02-21 10:51:35,190] 93 src.logger - INFO - :) OVERWRITING JSON FILE :)
[2025-02-21 10:51:35,198] 97 src.logger - INFO - :) OVERWRITING COMPLETED :)
[2025-02-21 10:55:33,331] 19 src.logger - INFO - :) LOGGING START :)
[2025-02-21 10:55:33,477] 19 src.logger - INFO - :) LOGGING START :)
[2025-02-21 10:56:10,617] 19 src.logger - INFO - :) LOGGING START :)
[2025-02-21 10:56:10,762] 19 src.logger - INFO - :) LOGGING START :)
[2025-02-21 10:56:12,964] 290 src.logger - INFO - :) Data Ingestion For PTaaS Section Started :)
[2025-02-21 10:56:13,448] 297 src.logger - INFO - :) Data Ingestion Completed :)
[2025-02-21 10:56:13,448] 93 src.logger - INFO - :) OVERWRITING JSON FILE :)
[2025-02-21 10:56:13,460] 97 src.logger - INFO - :) OVERWRITING COMPLETED :)
[2025-02-21 10:57:33,731] 19 src.logger - INFO - :) LOGGING START :)
[2025-02-21 10:57:33,849] 19 src.logger - INFO - :) LOGGING START :)
[2025-02-21 10:58:10,695] 244 src.logger - INFO - :) Data Ingestion For PTaaS Section Started :)
[2025-02-21 10:58:11,182] 251 src.logger - INFO - :) Data Ingestion Completed :)
[2025-02-21 10:58:11,182] 49 src.logger - INFO - :) OVERWRITING JSON FILE :)
[2025-02-21 10:58:11,222] 55 src.logger - INFO - :) OVERWRITING COMPLETED :)
[2025-02-21 10:58:36,385] 254 src.logger - INFO - :) Data Ingestion For ASM Section Started :)
[2025-02-21 10:58:36,441] 261 src.logger - INFO - :) Data Ingestion Completed :)
[2025-02-21 10:58:36,441] 49 src.logger - INFO - :) OVERWRITING JSON FILE :)
[2025-02-21 10:58:36,466] 55 src.logger - INFO - :) OVERWRITING COMPLETED :)
[2025-02-21 11:00:15,980] 19 src.logger - INFO - :) LOGGING START :)
[2025-02-21 11:00:16,114] 19 src.logger - INFO - :) LOGGING START :)
[2025-02-21 11:30:12,217] 19 src.logger - INFO - :) LOGGING START :)
[2025-02-21 11:30:12,306] 19 src.logger - INFO - :) LOGGING START :)
[2025-02-21 11:30:44,280] 288 src.logger - INFO - :) Data Ingestion For URL Section Started :)
[2025-02-21 11:30:44,315] 294 src.logger - INFO - :) Data Ingestion Completed :)
[2025-02-21 11:43:19,482] 288 src.logger - INFO - :) Data Ingestion For URL Section Started :)
[2025-02-21 11:43:19,485] 294 src.logger - INFO - :) Data Ingestion Completed :)
[2025-02-21 11:43:24,212] 19 src.logger - INFO - :) LOGGING START :)
[2025-02-21 11:43:24,374] 19 src.logger - INFO - :) LOGGING START :)
[2025-02-21 11:43:34,115] 19 src.logger - INFO - :) LOGGING START :)
[2025-02-21 11:43:34,258] 19 src.logger - INFO - :) LOGGING START :)
[2025-02-21 11:43:34,383] 288 src.logger - INFO - :) Data Ingestion For URL Section Started :)
[2025-02-21 11:43:34,391] 294 src.logger - INFO - :) Data Ingestion Completed :)
[2025-02-21 11:57:15,276] 19 src.logger - INFO - :) LOGGING START :)
[2025-02-21 11:57:15,496] 19 src.logger - INFO - :) LOGGING START :)
[2025-02-21 11:58:55,102] 308 src.logger - INFO - :) Data Ingestion For ASN Section Started :)
[2025-02-21 11:58:55,715] 314 src.logger - INFO - :) Data Ingestion Completed :)
[2025-02-21 12:01:28,182] 19 src.logger - INFO - :) LOGGING START :)
[2025-02-21 12:01:28,354] 19 src.logger - INFO - :) LOGGING START :)
[2025-02-21 12:02:35,408] 288 src.logger - INFO - :) Data Ingestion For URL Section Started :)
[2025-02-21 12:02:35,408] 294 src.logger - INFO - :) Data Ingestion Completed :)
[2025-02-21 12:02:36,109] 288 src.logger - INFO - :) Data Ingestion For URL Section Started :)
[2025-02-21 12:02:36,109] 294 src.logger - INFO - :) Data Ingestion Completed :)
[2025-02-21 12:03:37,121] 19 src.logger - INFO - :) LOGGING START :)
[2025-02-21 12:03:37,308] 19 src.logger - INFO - :) LOGGING START :)
[2025-02-21 12:03:56,651] 308 src.logger - INFO - :) Data Ingestion For ASN Section Started :)
[2025-02-21 12:03:57,598] 314 src.logger - INFO - :) Data Ingestion Completed :)
[2025-02-21 12:24:41,817] 222 src.logger - INFO - :) Data Ingestion For ASM Section Started :)
[2025-02-21 12:24:41,864] 229 src.logger - INFO - :) Data Ingestion Completed :)
[2025-02-21 12:24:41,864] 49 src.logger - INFO - :) OVERWRITING JSON FILE :)
[2025-02-21 12:24:41,877] 55 src.logger - INFO - :) OVERWRITING COMPLETED :)
[2025-02-21 12:25:17,352] 212 src.logger - INFO - :) Data Ingestion For PTaaS Section Started :)
[2025-02-21 12:25:17,372] 219 src.logger - INFO - :) Data Ingestion Completed :)
[2025-02-21 12:25:17,372] 49 src.logger - INFO - :) OVERWRITING JSON FILE :)
[2025-02-21 12:25:17,382] 55 src.logger - INFO - :) OVERWRITING COMPLETED :)
[2025-02-21 13:28:26,902] 19 src.logger - INFO - :) LOGGING START :)
[2025-02-21 13:28:27,047] 19 src.logger - INFO - :) LOGGING START :)
[2025-02-21 13:29:37,000] 19 src.logger - INFO - :) LOGGING START :)
[2025-02-21 13:29:37,128] 19 src.logger - INFO - :) LOGGING START :)
[2025-02-21 13:52:17,527] 19 src.logger - INFO - :) LOGGING START :)
[2025-02-21 13:52:17,646] 19 src.logger - INFO - :) LOGGING START :)
[2025-02-21 13:55:04,483] 19 src.logger - INFO - :) LOGGING START :)
[2025-02-21 13:55:04,606] 19 src.logger - INFO - :) LOGGING START :)
[2025-02-21 13:57:09,898] 338 src.logger - INFO - :) Data Ingestion For domain_vulnerabilities Section Started :)
[2025-02-21 13:57:10,741] 344 src.logger - INFO - :) Data Ingestion Completed :)
[2025-02-21 13:58:06,372] 338 src.logger - INFO - :) Data Ingestion For domain_vulnerabilities Section Started :)
[2025-02-21 13:58:06,391] 344 src.logger - INFO - :) Data Ingestion Completed :)
[2025-02-21 14:00:26,423] 19 src.logger - INFO - :) LOGGING START :)
[2025-02-21 14:00:26,566] 19 src.logger - INFO - :) LOGGING START :)
[2025-02-21 14:02:07,202] 19 src.logger - INFO - :) LOGGING START :)
[2025-02-21 14:02:07,316] 19 src.logger - INFO - :) LOGGING START :)
[2025-02-21 14:03:55,452] 19 src.logger - INFO - :) LOGGING START :)
[2025-02-21 14:03:55,563] 19 src.logger - INFO - :) LOGGING START :)
[2025-02-21 14:04:10,529] 349 src.logger - INFO - :) Data Ingestion For domain_vulnerabilities Section Started :)
[2025-02-21 14:04:11,015] 355 src.logger - INFO - :) Data Ingestion Completed :)
[2025-02-21 14:04:51,604] 19 src.logger - INFO - :) LOGGING START :)
[2025-02-21 14:04:51,720] 19 src.logger - INFO - :) LOGGING START :)
[2025-02-21 14:05:31,083] 19 src.logger - INFO - :) LOGGING START :)
[2025-02-21 14:05:31,238] 19 src.logger - INFO - :) LOGGING START :)
[2025-02-21 14:05:34,990] 349 src.logger - INFO - :) Data Ingestion For domain_vulnerabilities Section Started :)
[2025-02-21 14:05:35,399] 355 src.logger - INFO - :) Data Ingestion Completed :)
[2025-02-21 14:05:54,392] 349 src.logger - INFO - :) Data Ingestion For domain_vulnerabilities Section Started :)
[2025-02-21 14:05:54,415] 355 src.logger - INFO - :) Data Ingestion Completed :)
[2025-02-21 14:06:37,883] 19 src.logger - INFO - :) LOGGING START :)
[2025-02-21 14:06:38,036] 19 src.logger - INFO - :) LOGGING START :)
[2025-02-21 14:06:38,862] 349 src.logger - INFO - :) Data Ingestion For domain_vulnerabilities Section Started :)
[2025-02-21 14:06:39,367] 355 src.logger - INFO - :) Data Ingestion Completed :)
[2025-02-21 14:07:22,531] 19 src.logger - INFO - :) LOGGING START :)
[2025-02-21 14:07:22,648] 19 src.logger - INFO - :) LOGGING START :)
[2025-02-21 14:07:25,201] 349 src.logger - INFO - :) Data Ingestion For domain_vulnerabilities Section Started :)
[2025-02-21 14:07:25,641] 355 src.logger - INFO - :) Data Ingestion Completed :)
[2025-02-21 14:36:56,698] 19 src.logger - INFO - :) LOGGING START :)
[2025-02-21 14:36:56,829] 19 src.logger - INFO - :) LOGGING START :)
[2025-02-21 14:40:43,262] 19 src.logger - INFO - :) LOGGING START :)
[2025-02-21 14:40:43,375] 19 src.logger - INFO - :) LOGGING START :)
[2025-02-21 14:42:56,252] 19 src.logger - INFO - :) LOGGING START :)
[2025-02-21 14:42:56,369] 19 src.logger - INFO - :) LOGGING START :)
[2025-02-21 14:46:34,496] 19 src.logger - INFO - :) LOGGING START :)
[2025-02-21 14:46:34,640] 19 src.logger - INFO - :) LOGGING START :)
[2025-02-21 14:47:09,431] 382 src.logger - INFO - :) Data Ingestion For subdomain_IPAddress Section Started :)
[2025-02-21 14:47:10,017] 388 src.logger - INFO - :) Data Ingestion Completed :)
[2025-02-21 14:48:02,590] 19 src.logger - INFO - :) LOGGING START :)
[2025-02-21 14:48:02,729] 19 src.logger - INFO - :) LOGGING START :)
[2025-02-21 14:48:02,841] 382 src.logger - INFO - :) Data Ingestion For subdomain_IPAddress Section Started :)
[2025-02-21 14:48:03,324] 388 src.logger - INFO - :) Data Ingestion Completed :)
[2025-02-21 14:51:30,098] 19 src.logger - INFO - :) LOGGING START :)
[2025-02-21 14:51:30,212] 19 src.logger - INFO - :) LOGGING START :)
[2025-02-21 14:55:24,400] 19 src.logger - INFO - :) LOGGING START :)
[2025-02-21 14:55:24,511] 19 src.logger - INFO - :) LOGGING START :)
[2025-02-21 14:56:15,630] 19 src.logger - INFO - :) LOGGING START :)
[2025-02-21 14:56:15,758] 19 src.logger - INFO - :) LOGGING START :)
[2025-02-21 14:57:01,435] 419 src.logger - INFO - :) Data Ingestion For DNS Section Started :)
[2025-02-21 14:57:02,103] 425 src.logger - INFO - :) Data Ingestion Completed :)
[2025-02-21 15:06:01,017] 19 src.logger - INFO - :) LOGGING START :)
[2025-02-21 15:06:01,168] 19 src.logger - INFO - :) LOGGING START :)
[2025-02-21 15:06:19,983] 362 src.logger - INFO - :) Data Ingestion For IpAddress Section Started :)
[2025-02-21 15:06:20,672] 368 src.logger - INFO - :) Data Ingestion Completed :)
[2025-02-21 15:07:59,918] 19 src.logger - INFO - :) LOGGING START :)
[2025-02-21 15:08:00,066] 19 src.logger - INFO - :) LOGGING START :)
[2025-02-21 15:08:00,177] 362 src.logger - INFO - :) Data Ingestion For IpAddress Section Started :)
[2025-02-21 15:08:00,660] 368 src.logger - INFO - :) Data Ingestion Completed :)
[2025-02-21 15:31:31,192] 19 src.logger - INFO - :) LOGGING START :)
[2025-02-21 15:31:31,333] 19 src.logger - INFO - :) LOGGING START :)
[2025-02-21 15:32:15,192] 19 src.logger - INFO - :) LOGGING START :)
[2025-02-21 15:32:15,290] 19 src.logger - INFO - :) LOGGING START :)
[2025-02-21 15:34:01,649] 233 src.logger - INFO - :) Data Ingestion For details Section Started :)
[2025-02-21 15:34:02,479] 240 src.logger - INFO - :) Data Ingestion Completed :)
[2025-02-21 15:34:02,479] 49 src.logger - INFO - :) OVERWRITING JSON FILE :)
[2025-02-21 15:34:02,514] 55 src.logger - INFO - :) OVERWRITING COMPLETED :)
[2025-02-21 15:45:14,327] 19 src.logger - INFO - :) LOGGING START :)
[2025-02-21 15:45:14,444] 19 src.logger - INFO - :) LOGGING START :)
[2025-02-21 15:45:32,560] 19 src.logger - INFO - :) LOGGING START :)
[2025-02-21 15:45:32,684] 19 src.logger - INFO - :) LOGGING START :)
[2025-02-21 15:45:39,127] 248 src.logger - INFO - :) Data Ingestion For details Section Started :)
[2025-02-21 15:45:39,576] 255 src.logger - INFO - :) Data Ingestion Completed :)
[2025-02-21 15:45:39,577] 49 src.logger - INFO - :) OVERWRITING JSON FILE :)
[2025-02-21 15:48:03,475] 19 src.logger - INFO - :) LOGGING START :)
[2025-02-21 15:48:03,590] 19 src.logger - INFO - :) LOGGING START :)
[2025-02-21 15:48:07,012] 248 src.logger - INFO - :) Data Ingestion For details Section Started :)
[2025-02-21 15:48:07,519] 255 src.logger - INFO - :) Data Ingestion Completed :)
[2025-02-21 15:48:07,519] 49 src.logger - INFO - :) OVERWRITING JSON FILE :)
[2025-02-21 15:48:43,844] 19 src.logger - INFO - :) LOGGING START :)
[2025-02-21 15:48:43,975] 19 src.logger - INFO - :) LOGGING START :)
[2025-02-21 15:48:44,545] 248 src.logger - INFO - :) Data Ingestion For details Section Started :)
[2025-02-21 15:48:45,062] 257 src.logger - INFO - :) Data Ingestion Completed :)
[2025-02-21 15:48:45,062] 49 src.logger - INFO - :) OVERWRITING JSON FILE :)
[2025-02-21 15:50:57,711] 19 src.logger - INFO - :) LOGGING START :)
[2025-02-21 15:50:57,821] 19 src.logger - INFO - :) LOGGING START :)
[2025-02-21 15:51:01,424] 254 src.logger - INFO - :) Data Ingestion For details Section Started :)
[2025-02-21 15:51:01,914] 263 src.logger - INFO - :) Data Ingestion Completed :)
[2025-02-21 15:51:01,914] 49 src.logger - INFO - :) OVERWRITING JSON FILE :)
[2025-02-21 15:53:54,489] 19 src.logger - INFO - :) LOGGING START :)
[2025-02-21 15:53:54,601] 19 src.logger - INFO - :) LOGGING START :)
[2025-02-21 15:53:54,706] 254 src.logger - INFO - :) Data Ingestion For details Section Started :)
[2025-02-21 15:53:55,224] 263 src.logger - INFO - :) Data Ingestion Completed :)
[2025-02-21 15:53:55,224] 52 src.logger - INFO - :) OVERWRITING JSON FILE :)
[2025-02-21 15:57:14,226] 19 src.logger - INFO - :) LOGGING START :)
[2025-02-21 15:57:14,330] 19 src.logger - INFO - :) LOGGING START :)
[2025-02-21 15:59:22,596] 19 src.logger - INFO - :) LOGGING START :)
[2025-02-21 15:59:22,730] 19 src.logger - INFO - :) LOGGING START :)
[2025-02-21 15:59:34,026] 19 src.logger - INFO - :) LOGGING START :)
[2025-02-21 15:59:34,116] 19 src.logger - INFO - :) LOGGING START :)
[2025-02-21 15:59:46,815] 254 src.logger - INFO - :) Data Ingestion For details Section Started :)
[2025-02-21 15:59:47,613] 263 src.logger - INFO - :) Data Ingestion Completed :)
[2025-02-21 15:59:47,623] 52 src.logger - INFO - :) OVERWRITING JSON FILE :)
[2025-02-21 16:00:47,543] 254 src.logger - INFO - :) Data Ingestion For details Section Started :)
[2025-02-21 16:00:47,610] 263 src.logger - INFO - :) Data Ingestion Completed :)
[2025-02-21 16:00:47,612] 52 src.logger - INFO - :) OVERWRITING JSON FILE :)
[2025-02-21 16:02:09,549] 254 src.logger - INFO - :) Data Ingestion For details Section Started :)
[2025-02-21 16:02:09,560] 263 src.logger - INFO - :) Data Ingestion Completed :)
[2025-02-21 16:02:09,560] 52 src.logger - INFO - :) OVERWRITING JSON FILE :)
[2025-02-21 16:02:09,588] 58 src.logger - INFO - :) OVERWRITING COMPLETED :)
[2025-02-21 16:02:32,183] 254 src.logger - INFO - :) Data Ingestion For details Section Started :)
[2025-02-21 16:02:32,239] 263 src.logger - INFO - :) Data Ingestion Completed :)
[2025-02-21 16:02:32,239] 52 src.logger - INFO - :) OVERWRITING JSON FILE :)
[2025-02-21 16:02:32,260] 58 src.logger - INFO - :) OVERWRITING COMPLETED :)
[2025-02-21 16:03:17,064] 19 src.logger - INFO - :) LOGGING START :)
[2025-02-21 16:03:17,194] 19 src.logger - INFO - :) LOGGING START :)
[2025-02-21 16:23:09,560] 19 src.logger - INFO - :) LOGGING START :)
[2025-02-21 16:23:09,726] 19 src.logger - INFO - :) LOGGING START :)
[2025-02-21 16:26:04,131] 19 src.logger - INFO - :) LOGGING START :)
[2025-02-21 16:26:04,306] 19 src.logger - INFO - :) LOGGING START :)
[2025-02-21 16:31:48,085] 19 src.logger - INFO - :) LOGGING START :)
[2025-02-21 16:31:48,228] 19 src.logger - INFO - :) LOGGING START :)
[2025-02-21 16:32:08,562] 403 src.logger - INFO - :) Data Ingestion For ASN Section Started :)
[2025-02-21 16:32:35,638] 403 src.logger - INFO - :) Data Ingestion For ASN Section Started :)
[2025-02-21 16:33:06,616] 19 src.logger - INFO - :) LOGGING START :)
[2025-02-21 16:33:06,708] 19 src.logger - INFO - :) LOGGING START :)
[2025-02-21 16:33:07,324] 403 src.logger - INFO - :) Data Ingestion For ASN Section Started :)
[2025-02-21 16:34:09,390] 19 src.logger - INFO - :) LOGGING START :)
[2025-02-21 16:34:09,560] 19 src.logger - INFO - :) LOGGING START :)
[2025-02-21 16:34:11,525] 403 src.logger - INFO - :) Data Ingestion For ASN Section Started :)
[2025-02-21 16:34:12,042] 409 src.logger - INFO - :) Data Ingestion Completed :)
[2025-02-21 16:36:41,814] 19 src.logger - INFO - :) LOGGING START :)
[2025-02-21 16:36:41,947] 19 src.logger - INFO - :) LOGGING START :)
[2025-02-21 16:36:43,443] 403 src.logger - INFO - :) Data Ingestion For ASN Section Started :)
[2025-02-21 16:36:43,952] 409 src.logger - INFO - :) Data Ingestion Completed :)
[2025-02-21 16:41:22,168] 19 src.logger - INFO - :) LOGGING START :)
[2025-02-21 16:41:22,304] 19 src.logger - INFO - :) LOGGING START :)
[2025-02-21 16:42:28,996] 19 src.logger - INFO - :) LOGGING START :)
[2025-02-21 16:42:29,165] 19 src.logger - INFO - :) LOGGING START :)
[2025-02-21 16:43:39,255] 287 src.logger - INFO - :) Data Ingestion For POC Section Started :)
[2025-02-21 16:43:39,918] 294 src.logger - INFO - :) Data Ingestion Completed :)
[2025-02-21 16:43:39,918] 52 src.logger - INFO - :) OVERWRITING JSON FILE :)
[2025-02-21 16:43:39,926] 58 src.logger - INFO - :) OVERWRITING COMPLETED :)
[2025-02-21 16:46:19,752] 19 src.logger - INFO - :) LOGGING START :)
[2025-02-21 16:46:19,911] 19 src.logger - INFO - :) LOGGING START :)
[2025-02-21 16:46:32,057] 287 src.logger - INFO - :) Data Ingestion For POC Section Started :)
[2025-02-21 16:46:32,549] 294 src.logger - INFO - :) Data Ingestion Completed :)
[2025-02-21 16:46:32,549] 52 src.logger - INFO - :) OVERWRITING JSON FILE :)
[2025-02-21 16:46:32,559] 58 src.logger - INFO - :) OVERWRITING COMPLETED :)
[2025-02-21 21:42:54,830] 19 src.logger - INFO - :) LOGGING START :)
[2025-02-21 21:42:55,002] 19 src.logger - INFO - :) LOGGING START :)
[2025-02-21 22:02:07,673] 19 src.logger - INFO - :) LOGGING START :)
[2025-02-21 22:02:08,073] 19 src.logger - INFO - :) LOGGING START :)
[2025-02-21 22:05:19,725] 19 src.logger - INFO - :) LOGGING START :)
[2025-02-21 22:05:19,862] 19 src.logger - INFO - :) LOGGING START :)
[2025-02-21 22:05:49,541] 19 src.logger - INFO - :) LOGGING START :)
[2025-02-21 22:05:49,683] 19 src.logger - INFO - :) LOGGING START :)
[2025-02-21 22:06:46,021] 463 src.logger - INFO - :) Data Ingestion For IPBlockIPAddress Section Started :)
[2025-02-21 22:08:43,423] 19 src.logger - INFO - :) LOGGING START :)
[2025-02-21 22:08:43,570] 19 src.logger - INFO - :) LOGGING START :)
[2025-02-21 22:08:44,895] 463 src.logger - INFO - :) Data Ingestion For IPBlockIPAddress Section Started :)
[2025-02-21 22:10:28,358] 19 src.logger - INFO - :) LOGGING START :)
[2025-02-21 22:10:28,491] 19 src.logger - INFO - :) LOGGING START :)
[2025-02-21 22:10:41,854] 19 src.logger - INFO - :) LOGGING START :)
[2025-02-21 22:10:42,012] 19 src.logger - INFO - :) LOGGING START :)
[2025-02-21 22:11:33,560] 19 src.logger - INFO - :) LOGGING START :)
[2025-02-21 22:11:33,711] 19 src.logger - INFO - :) LOGGING START :)
[2025-02-21 22:11:33,818] 461 src.logger - INFO - :) Data Ingestion For IPBlockIPAddress Section Started :)
[2025-02-21 22:12:13,446] 19 src.logger - INFO - :) LOGGING START :)
[2025-02-21 22:12:13,599] 19 src.logger - INFO - :) LOGGING START :)
[2025-02-21 22:12:14,670] 461 src.logger - INFO - :) Data Ingestion For IPBlockIPAddress Section Started :)
[2025-02-21 22:14:05,622] 19 src.logger - INFO - :) LOGGING START :)
[2025-02-21 22:14:05,782] 19 src.logger - INFO - :) LOGGING START :)
[2025-02-21 22:14:06,944] 461 src.logger - INFO - :) Data Ingestion For IPBlockIPAddress Section Started :)
[2025-02-21 22:14:59,019] 19 src.logger - INFO - :) LOGGING START :)
[2025-02-21 22:14:59,146] 19 src.logger - INFO - :) LOGGING START :)
[2025-02-21 22:15:00,679] 461 src.logger - INFO - :) Data Ingestion For IPBlockIPAddress Section Started :)
[2025-02-21 22:15:01,193] 467 src.logger - INFO - :) Data Ingestion Completed :)
[2025-02-21 22:15:55,263] 461 src.logger - INFO - :) Data Ingestion For IPBlockIPAddress Section Started :)
[2025-02-21 22:15:55,290] 467 src.logger - INFO - :) Data Ingestion Completed :)
[2025-02-21 22:18:33,528] 19 src.logger - INFO - :) LOGGING START :)
[2025-02-21 22:18:33,730] 19 src.logger - INFO - :) LOGGING START :)
[2025-02-21 22:18:33,884] 466 src.logger - INFO - :) Data Ingestion For IPBlockIPAddress Section Started :)
[2025-02-21 22:18:34,641] 472 src.logger - INFO - :) Data Ingestion Completed :)
