[2025-02-22 10:39:16,841] 19 src.logger - INFO - :) LOGGING START :)
[2025-02-22 10:39:17,026] 19 src.logger - INFO - :) LOGGING START :)
[2025-02-22 10:49:16,688] 19 src.logger - INFO - :) LOGGING START :)
[2025-02-22 10:49:16,867] 19 src.logger - INFO - :) LOGGING START :)
[2025-02-22 10:50:48,299] 19 src.logger - INFO - :) LOGGING START :)
[2025-02-22 10:50:48,461] 19 src.logger - INFO - :) LOGGING START :)
[2025-02-22 10:51:31,400] 19 src.logger - INFO - :) LOGGING START :)
[2025-02-22 10:51:31,558] 19 src.logger - INFO - :) LOGGING START :)
[2025-02-22 10:52:26,124] 538 src.logger - INFO - :) Data Ingestion For Subdomain_Vulnerabilities Section Started :)
[2025-02-22 10:52:27,635] 544 src.logger - INFO - :) Data Ingestion Completed :)
[2025-02-22 10:53:28,900] 538 src.logger - INFO - :) Data Ingestion For Subdomain_Vulnerabilities Section Started :)
[2025-02-22 10:53:28,932] 544 src.logger - INFO - :) Data Ingestion Completed :)
[2025-02-22 10:54:49,819] 19 src.logger - INFO - :) LOGGING START :)
[2025-02-22 10:54:50,144] 19 src.logger - INFO - :) LOGGING START :)
[2025-02-22 10:54:50,294] 538 src.logger - INFO - :) Data Ingestion For Subdomain_Vulnerabilities Section Started :)
[2025-02-22 10:54:51,122] 544 src.logger - INFO - :) Data Ingestion Completed :)
[2025-02-22 10:56:59,605] 19 src.logger - INFO - :) LOGGING START :)
[2025-02-22 10:56:59,764] 19 src.logger - INFO - :) LOGGING START :)
[2025-02-22 10:57:03,353] 538 src.logger - INFO - :) Data Ingestion For Subdomain_Vulnerabilities Section Started :)
[2025-02-22 10:57:25,792] 19 src.logger - INFO - :) LOGGING START :)
[2025-02-22 10:57:26,013] 19 src.logger - INFO - :) LOGGING START :)
[2025-02-22 10:57:26,203] 538 src.logger - INFO - :) Data Ingestion For Subdomain_Vulnerabilities Section Started :)
[2025-02-22 10:57:27,015] 544 src.logger - INFO - :) Data Ingestion Completed :)
[2025-02-22 11:02:40,102] 19 src.logger - INFO - :) LOGGING START :)
[2025-02-22 11:02:40,253] 19 src.logger - INFO - :) LOGGING START :)
[2025-02-22 11:02:41,524] 538 src.logger - INFO - :) Data Ingestion For Subdomain_Vulnerabilities Section Started :)
[2025-02-22 11:02:42,118] 544 src.logger - INFO - :) Data Ingestion Completed :)
[2025-02-22 11:04:55,503] 19 src.logger - INFO - :) LOGGING START :)
[2025-02-22 11:04:55,644] 19 src.logger - INFO - :) LOGGING START :)
[2025-02-22 11:04:55,767] 542 src.logger - INFO - :) Data Ingestion For Subdomain_Vulnerabilities Section Started :)
[2025-02-22 11:04:56,466] 548 src.logger - INFO - :) Data Ingestion Completed :)
[2025-02-22 11:07:13,767] 19 src.logger - INFO - :) LOGGING START :)
[2025-02-22 11:07:13,977] 19 src.logger - INFO - :) LOGGING START :)
[2025-02-22 11:07:14,157] 542 src.logger - INFO - :) Data Ingestion For Subdomain_Vulnerabilities Section Started :)
[2025-02-22 11:08:01,584] 19 src.logger - INFO - :) LOGGING START :)
[2025-02-22 11:08:01,799] 19 src.logger - INFO - :) LOGGING START :)
[2025-02-22 11:08:01,963] 542 src.logger - INFO - :) Data Ingestion For Subdomain_Vulnerabilities Section Started :)
[2025-02-22 11:08:02,808] 548 src.logger - INFO - :) Data Ingestion Completed :)
[2025-02-22 11:53:08,446] 19 src.logger - INFO - :) LOGGING START :)
[2025-02-22 11:53:08,714] 19 src.logger - INFO - :) LOGGING START :)
[2025-02-22 11:54:08,931] 19 src.logger - INFO - :) LOGGING START :)
[2025-02-22 11:54:09,117] 19 src.logger - INFO - :) LOGGING START :)
[2025-02-22 11:55:13,904] 463 src.logger - INFO - :) Data Ingestion For IpAddress Section Started :)
[2025-02-22 11:55:15,465] 469 src.logger - INFO - :) Data Ingestion Completed :)
[2025-02-22 11:57:12,253] 512 src.logger - INFO - :) Data Ingestion For subdomain_IPAddress Section Started :)
[2025-02-22 11:57:12,315] 518 src.logger - INFO - :) Data Ingestion Completed :)
[2025-02-22 11:58:20,667] 19 src.logger - INFO - :) LOGGING START :)
[2025-02-22 11:58:20,860] 19 src.logger - INFO - :) LOGGING START :)
[2025-02-22 11:58:21,068] 512 src.logger - INFO - :) Data Ingestion For subdomain_IPAddress Section Started :)
[2025-02-22 11:58:22,172] 518 src.logger - INFO - :) Data Ingestion Completed :)
[2025-02-22 11:59:13,720] 19 src.logger - INFO - :) LOGGING START :)
[2025-02-22 11:59:13,886] 19 src.logger - INFO - :) LOGGING START :)
[2025-02-22 12:01:32,172] 502 src.logger - INFO - :) Data Ingestion For domain_vulnerabilities Section Started :)
[2025-02-22 12:01:33,402] 508 src.logger - INFO - :) Data Ingestion Completed :)
