[2025-02-24 11:06:04,168] 19 src.logger - INFO - :) LOGGING START :)
[2025-02-24 11:06:04,540] 19 src.logger - INFO - :) LOGGING START :)
[2025-02-24 11:11:01,727] 19 src.logger - INFO - :) LOGGING START :)
[2025-02-24 11:11:01,843] 19 src.logger - INFO - :) LOGGING START :)
[2025-02-24 11:13:00,449] 19 src.logger - INFO - :) LOGGING START :)
[2025-02-24 11:13:00,586] 19 src.logger - INFO - :) LOGGING START :)
[2025-02-24 11:14:09,782] 19 src.logger - INFO - :) LOGGING START :)
[2025-02-24 11:14:09,910] 19 src.logger - INFO - :) LOGGING START :)
[2025-02-24 11:16:11,279] 583 src.logger - INFO - :) Data Ingestion For assetGroup_vulnerabilities Section Started :)
[2025-02-24 11:16:15,912] 19 src.logger - INFO - :) LOGGING START :)
[2025-02-24 11:16:16,044] 19 src.logger - INFO - :) LOGGING START :)
[2025-02-24 11:16:34,575] 584 src.logger - INFO - :) Data Ingestion For assetGroup_vulnerabilities Section Started :)
[2025-02-24 11:17:18,269] 19 src.logger - INFO - :) LOGGING START :)
[2025-02-24 11:17:18,376] 19 src.logger - INFO - :) LOGGING START :)
[2025-02-24 11:17:18,509] 584 src.logger - INFO - :) Data Ingestion For assetGroup_vulnerabilities Section Started :)
[2025-02-24 11:17:49,880] 19 src.logger - INFO - :) LOGGING START :)
[2025-02-24 11:17:49,990] 19 src.logger - INFO - :) LOGGING START :)
[2025-02-24 11:17:51,160] 584 src.logger - INFO - :) Data Ingestion For assetGroup_vulnerabilities Section Started :)
[2025-02-24 11:17:51,694] 590 src.logger - INFO - :) Data Ingestion Completed :)
[2025-02-24 11:18:21,387] 584 src.logger - INFO - :) Data Ingestion For assetGroup_vulnerabilities Section Started :)
[2025-02-24 11:18:21,411] 590 src.logger - INFO - :) Data Ingestion Completed :)
[2025-02-24 11:18:45,079] 584 src.logger - INFO - :) Data Ingestion For assetGroup_vulnerabilities Section Started :)
[2025-02-24 11:18:45,094] 590 src.logger - INFO - :) Data Ingestion Completed :)
[2025-02-24 11:19:28,088] 19 src.logger - INFO - :) LOGGING START :)
[2025-02-24 11:19:28,198] 19 src.logger - INFO - :) LOGGING START :)
[2025-02-24 11:19:34,682] 19 src.logger - INFO - :) LOGGING START :)
[2025-02-24 11:19:34,829] 19 src.logger - INFO - :) LOGGING START :)
[2025-02-24 11:19:36,724] 584 src.logger - INFO - :) Data Ingestion For assetGroup_vulnerabilities Section Started :)
[2025-02-24 11:19:37,226] 590 src.logger - INFO - :) Data Ingestion Completed :)
[2025-02-24 12:00:22,343] 19 src.logger - INFO - :) LOGGING START :)
[2025-02-24 12:00:22,476] 19 src.logger - INFO - :) LOGGING START :)
[2025-02-24 12:00:41,011] 19 src.logger - INFO - :) LOGGING START :)
[2025-02-24 12:00:43,212] 19 src.logger - INFO - :) LOGGING START :)
[2025-02-24 12:00:43,313] 19 src.logger - INFO - :) LOGGING START :)
[2025-02-24 12:02:50,709] 19 src.logger - INFO - :) LOGGING START :)
[2025-02-24 12:02:50,819] 19 src.logger - INFO - :) LOGGING START :)
[2025-02-24 12:04:33,020] 19 src.logger - INFO - :) LOGGING START :)
[2025-02-24 12:04:33,146] 19 src.logger - INFO - :) LOGGING START :)
[2025-02-24 12:08:48,077] 19 src.logger - INFO - :) LOGGING START :)
[2025-02-24 12:08:48,211] 19 src.logger - INFO - :) LOGGING START :)
[2025-02-24 12:09:24,291] 19 src.logger - INFO - :) LOGGING START :)
[2025-02-24 12:09:24,391] 19 src.logger - INFO - :) LOGGING START :)
[2025-02-24 12:10:13,484] 632 src.logger - INFO - :) Data Ingestion For Subdomain Section Started :)
[2025-02-24 12:10:13,977] 638 src.logger - INFO - :) Data Ingestion Completed :)
[2025-02-24 12:11:28,213] 19 src.logger - INFO - :) LOGGING START :)
[2025-02-24 12:11:28,357] 19 src.logger - INFO - :) LOGGING START :)
[2025-02-24 12:11:29,844] 632 src.logger - INFO - :) Data Ingestion For Subdomain Section Started :)
[2025-02-24 12:11:30,328] 638 src.logger - INFO - :) Data Ingestion Completed :)
[2025-02-24 12:23:46,132] 19 src.logger - INFO - :) LOGGING START :)
[2025-02-24 12:23:46,295] 19 src.logger - INFO - :) LOGGING START :)
[2025-02-24 12:24:47,920] 19 src.logger - INFO - :) LOGGING START :)
[2025-02-24 12:24:48,049] 19 src.logger - INFO - :) LOGGING START :)
[2025-02-24 12:25:47,201] 691 src.logger - INFO - :) Data Ingestion For IpAddress Section Started :)
[2025-02-24 12:25:48,470] 697 src.logger - INFO - :) Data Ingestion Completed :)
[2025-02-24 12:26:15,082] 19 src.logger - INFO - :) LOGGING START :)
[2025-02-24 12:26:15,227] 19 src.logger - INFO - :) LOGGING START :)
[2025-02-24 12:26:15,334] 691 src.logger - INFO - :) Data Ingestion For IpAddress Section Started :)
[2025-02-24 12:26:15,860] 697 src.logger - INFO - :) Data Ingestion Completed :)
[2025-02-24 12:37:06,734] 19 src.logger - INFO - :) LOGGING START :)
[2025-02-24 12:37:06,847] 19 src.logger - INFO - :) LOGGING START :)
[2025-02-24 13:23:36,344] 19 src.logger - INFO - :) LOGGING START :)
[2025-02-24 13:23:36,452] 19 src.logger - INFO - :) LOGGING START :)
[2025-02-24 13:35:07,331] 19 src.logger - INFO - :) LOGGING START :)
[2025-02-24 13:35:07,479] 19 src.logger - INFO - :) LOGGING START :)
[2025-02-24 13:37:03,323] 19 src.logger - INFO - :) LOGGING START :)
[2025-02-24 13:37:03,441] 19 src.logger - INFO - :) LOGGING START :)
[2025-02-24 13:37:36,335] 19 src.logger - INFO - :) LOGGING START :)
[2025-02-24 13:37:36,449] 19 src.logger - INFO - :) LOGGING START :)
[2025-02-24 13:39:02,029] 19 src.logger - INFO - :) LOGGING START :)
[2025-02-24 13:39:02,176] 19 src.logger - INFO - :) LOGGING START :)
[2025-02-24 13:42:47,471] 827 src.logger - INFO - :) Data Ingestion For IpAddress Section Started :)
[2025-02-24 13:44:11,315] 19 src.logger - INFO - :) LOGGING START :)
[2025-02-24 13:44:11,446] 19 src.logger - INFO - :) LOGGING START :)
[2025-02-24 13:44:34,172] 19 src.logger - INFO - :) LOGGING START :)
[2025-02-24 13:44:34,321] 19 src.logger - INFO - :) LOGGING START :)
[2025-02-24 13:44:34,420] 829 src.logger - INFO - :) Data Ingestion For IpAddress Section Started :)
[2025-02-24 13:46:51,773] 19 src.logger - INFO - :) LOGGING START :)
[2025-02-24 13:46:51,910] 19 src.logger - INFO - :) LOGGING START :)
[2025-02-24 13:47:05,952] 829 src.logger - INFO - :) Data Ingestion For IpAddress Section Started :)
[2025-02-24 13:49:28,284] 19 src.logger - INFO - :) LOGGING START :)
[2025-02-24 13:49:28,450] 19 src.logger - INFO - :) LOGGING START :)
[2025-02-24 13:49:28,596] 829 src.logger - INFO - :) Data Ingestion For IpAddress Section Started :)
[2025-02-24 13:50:59,686] 19 src.logger - INFO - :) LOGGING START :)
[2025-02-24 13:50:59,791] 19 src.logger - INFO - :) LOGGING START :)
[2025-02-24 13:51:12,247] 830 src.logger - INFO - :) Data Ingestion For IpAddress Section Started :)
[2025-02-24 13:51:47,513] 19 src.logger - INFO - :) LOGGING START :)
[2025-02-24 13:51:47,627] 19 src.logger - INFO - :) LOGGING START :)
[2025-02-24 13:51:48,652] 830 src.logger - INFO - :) Data Ingestion For IpAddress Section Started :)
[2025-02-24 13:51:49,201] 836 src.logger - INFO - :) Data Ingestion Completed :)
[2025-02-24 13:52:14,956] 840 src.logger - INFO - :) Data Ingestion For IpAddress Section Started :)
[2025-02-24 13:52:15,009] 846 src.logger - INFO - :) Data Ingestion Completed :)
[2025-02-24 13:52:35,183] 19 src.logger - INFO - :) LOGGING START :)
[2025-02-24 13:52:35,324] 19 src.logger - INFO - :) LOGGING START :)
[2025-02-24 13:54:32,285] 19 src.logger - INFO - :) LOGGING START :)
[2025-02-24 13:54:32,395] 19 src.logger - INFO - :) LOGGING START :)
[2025-02-24 13:57:16,230] 19 src.logger - INFO - :) LOGGING START :)
[2025-02-24 13:57:16,337] 19 src.logger - INFO - :) LOGGING START :)
[2025-02-24 13:57:26,318] 839 src.logger - INFO - :) Data Ingestion For IpAddress Section Started :)
[2025-02-24 13:57:27,037] 845 src.logger - INFO - :) Data Ingestion Completed :)
[2025-02-24 13:57:59,479] 19 src.logger - INFO - :) LOGGING START :)
[2025-02-24 13:57:59,591] 19 src.logger - INFO - :) LOGGING START :)
[2025-02-24 13:58:15,301] 19 src.logger - INFO - :) LOGGING START :)
[2025-02-24 13:58:15,420] 19 src.logger - INFO - :) LOGGING START :)
[2025-02-24 13:58:17,252] 839 src.logger - INFO - :) Data Ingestion For IpAddress Section Started :)
[2025-02-24 13:58:17,790] 845 src.logger - INFO - :) Data Ingestion Completed :)
[2025-02-24 13:59:29,537] 19 src.logger - INFO - :) LOGGING START :)
[2025-02-24 13:59:29,651] 19 src.logger - INFO - :) LOGGING START :)
[2025-02-24 14:00:32,485] 808 src.logger - INFO - :) Data Ingestion For Subdomain Section Started :)
[2025-02-24 14:00:33,259] 814 src.logger - INFO - :) Data Ingestion Completed :)
[2025-02-24 14:00:35,922] 19 src.logger - INFO - :) LOGGING START :)
[2025-02-24 14:00:36,037] 19 src.logger - INFO - :) LOGGING START :)
[2025-02-24 14:00:49,388] 19 src.logger - INFO - :) LOGGING START :)
[2025-02-24 14:00:49,484] 19 src.logger - INFO - :) LOGGING START :)
[2025-02-24 14:00:49,794] 810 src.logger - INFO - :) Data Ingestion For Subdomain Section Started :)
[2025-02-24 14:00:50,286] 816 src.logger - INFO - :) Data Ingestion Completed :)
[2025-02-24 14:01:17,739] 19 src.logger - INFO - :) LOGGING START :)
[2025-02-24 14:01:17,851] 19 src.logger - INFO - :) LOGGING START :)
[2025-02-24 14:01:29,189] 810 src.logger - INFO - :) Data Ingestion For Subdomain Section Started :)
[2025-02-24 14:01:29,859] 816 src.logger - INFO - :) Data Ingestion Completed :)
[2025-02-24 14:02:22,977] 810 src.logger - INFO - :) Data Ingestion For Subdomain Section Started :)
[2025-02-24 14:02:23,001] 816 src.logger - INFO - :) Data Ingestion Completed :)
[2025-02-24 14:02:27,305] 19 src.logger - INFO - :) LOGGING START :)
[2025-02-24 14:02:27,447] 19 src.logger - INFO - :) LOGGING START :)
[2025-02-24 14:02:30,777] 810 src.logger - INFO - :) Data Ingestion For Subdomain Section Started :)
[2025-02-24 14:02:31,279] 816 src.logger - INFO - :) Data Ingestion Completed :)
[2025-02-24 14:03:24,886] 820 src.logger - INFO - :) Data Ingestion For IpAddress Section Started :)
[2025-02-24 14:03:24,903] 826 src.logger - INFO - :) Data Ingestion Completed :)
[2025-02-24 14:10:32,650] 19 src.logger - INFO - :) LOGGING START :)
[2025-02-24 14:10:32,791] 19 src.logger - INFO - :) LOGGING START :)
